c:\users\mrhit\documents\github\projprog\debug\vc141.pdb
c:\users\mrhit\documents\github\projprog\debug\vc141.idb
c:\users\mrhit\documents\github\projprog\debug\cwords.obj
c:\users\mrhit\documents\github\projprog\debug\dictionary.obj
c:\users\mrhit\documents\github\projprog\debug\puzzle.obj
c:\users\mrhit\documents\github\projprog\debug\source.obj
c:\users\mrhit\documents\github\projprog\debug\source.obj.enc
c:\users\mrhit\documents\github\projprog\debug\project9.pdb
c:\users\mrhit\documents\github\projprog\debug\project9.tlog\cl.command.1.tlog
c:\users\mrhit\documents\github\projprog\debug\project9.tlog\cl.read.1.tlog
c:\users\mrhit\documents\github\projprog\debug\project9.tlog\cl.write.1.tlog
c:\users\mrhit\documents\github\projprog\debug\project9.tlog\link-cvtres.read.1.tlog
c:\users\mrhit\documents\github\projprog\debug\project9.tlog\link-cvtres.write.1.tlog
c:\users\mrhit\documents\github\projprog\debug\project9.tlog\link-rc.read.1.tlog
c:\users\mrhit\documents\github\projprog\debug\project9.tlog\link-rc.write.1.tlog
c:\users\mrhit\documents\github\projprog\debug\project9.tlog\link.13028-cvtres.read.1.tlog
c:\users\mrhit\documents\github\projprog\debug\project9.tlog\link.13028-cvtres.write.1.tlog
c:\users\mrhit\documents\github\projprog\debug\project9.tlog\link.13028-rc.read.1.tlog
c:\users\mrhit\documents\github\projprog\debug\project9.tlog\link.13028-rc.write.1.tlog
c:\users\mrhit\documents\github\projprog\debug\project9.tlog\link.13028.read.1.tlog
c:\users\mrhit\documents\github\projprog\debug\project9.tlog\link.13028.write.1.tlog
c:\users\mrhit\documents\github\projprog\debug\project9.tlog\link.command.1.tlog
c:\users\mrhit\documents\github\projprog\debug\project9.tlog\link.read.1.tlog
c:\users\mrhit\documents\github\projprog\debug\project9.tlog\link.write.1.tlog
